  InfixCalculator.c
C:\Users\BIT\Desktop\새 폴더\Project1\Project1\InfixCalculator.c(8,12): warning C4267: '초기화 중': 'size_t'에서 'int'(으)로 변환하면서 데이터가 손실될 수 있습니다.
C:\Users\BIT\Desktop\새 폴더\Project1\Project1\InfixCalculator.c(11,2): error C4996: 'strcpy': This function or variable may be unsafe. Consider using strcpy_s instead. To disable deprecation, use _CRT_SECURE_NO_WARNINGS. See online help for details.
  InfixToPostfix.c
C:\Users\BIT\Desktop\새 폴더\Project1\Project1\InfixToPostfix.c(60,12): error C2120: 모든 형식에서 'void'를 사용할 수 없습니다.
C:\Users\BIT\Desktop\새 폴더\Project1\Project1\InfixToPostfix.c(71,43): error C2095: 'WhoPrecOp': 실제 매개 변수의 형식이 'void'입니다. 매개 변수 1
C:\Users\BIT\Desktop\새 폴더\Project1\Project1\InfixToPostfix.c(71,33): error C2198: 'WhoPrecOp': 호출에 인수가 너무 적습니다.
C:\Users\BIT\Desktop\새 폴더\Project1\Project1\InfixToPostfix.c(72,21): error C2120: 모든 형식에서 'void'를 사용할 수 없습니다.
C:\Users\BIT\Desktop\새 폴더\Project1\Project1\InfixToPostfix.c(79,18): error C2120: 모든 형식에서 'void'를 사용할 수 없습니다.
C:\Users\BIT\Desktop\새 폴더\Project1\Project1\InfixToPostfix.c(36,15): warning C4267: '초기화 중': 'size_t'에서 'int'(으)로 변환하면서 데이터가 손실될 수 있습니다.
C:\Users\BIT\Desktop\새 폴더\Project1\Project1\InfixToPostfix.c(80,2): error C4996: 'strcpy': This function or variable may be unsafe. Consider using strcpy_s instead. To disable deprecation, use _CRT_SECURE_NO_WARNINGS. See online help for details.
  ListBaseStack.c
C:\Users\BIT\Desktop\새 폴더\Project1\Project1\ListBaseStack.c(41,14): warning C4098: 'SPop': 'void' 함수에서 값을 반환하고 있습니다.
C:\Users\BIT\Desktop\새 폴더\Project1\Project1\ListBaseStack.c(51,27): warning C4098: 'SPeek': 'void' 함수에서 값을 반환하고 있습니다.
  PostCalculator.c
C:\Users\BIT\Desktop\새 폴더\Project1\Project1\PostCalculator.c(23,8): error C2120: 모든 형식에서 'void'를 사용할 수 없습니다.
C:\Users\BIT\Desktop\새 폴더\Project1\Project1\PostCalculator.c(24,8): error C2120: 모든 형식에서 'void'를 사용할 수 없습니다.
C:\Users\BIT\Desktop\새 폴더\Project1\Project1\PostCalculator.c(43,2): error C2561: 'EvalRPNExp': 함수는 값을 반환해야 합니다.
C:\Users\BIT\Desktop\새 폴더\Project1\Project1\PostCalculator.c(5): message : 'EvalRPNExp' 선언을 참조하십시오.
C:\Users\BIT\Desktop\새 폴더\Project1\Project1\PostCalculator.c(8,15): warning C4267: '초기화 중': 'size_t'에서 'int'(으)로 변환하면서 데이터가 손실될 수 있습니다.
  코드를 생성하고 있습니다...
